INFO:root:2021-03-16 07:50:21,124:

		::::::::::::::Zip Process for day Tue Mar 16 07:50:21 2021::::::::::::::


ERROR:root:2021-03-16 07:50:21,125:Zipping Failed file: /home/nsubbaraj/replicate/vol/gunnsc01/prod/scoreout/nithin_exclude22367 
Traceback (most recent call last):
  File "exclude_n_zip_v2.py", line 52, in zip_the_file
    input = open(file, 'rb')
PermissionError: [Errno 13] Permission denied: '/home/nsubbaraj/replicate/vol/gunnsc01/prod/scoreout/nithin_exclude22367'
ERROR:root:2021-03-16 07:50:21,128:Zipping Failed file: /home/nsubbaraj/replicate/vol/gunnsc01/prod/scoreout/nithin_exclude223702 
Traceback (most recent call last):
  File "exclude_n_zip_v2.py", line 52, in zip_the_file
    input = open(file, 'rb')
PermissionError: [Errno 13] Permission denied: '/home/nsubbaraj/replicate/vol/gunnsc01/prod/scoreout/nithin_exclude223702'
INFO:root:2021-03-16 07:52:40,636:

		::::::::::::::Zip Process for day Tue Mar 16 07:52:40 2021::::::::::::::


ERROR:root:2021-03-16 07:52:40,638:Zipping Failed file: /home/nsubbaraj/replicate/vol/gunnsc01/prod/scoreout/nithin_exclude22367 
Traceback (most recent call last):
  File "exclude_n_zip_v2.py", line 52, in zip_the_file
    input = open(file, 'rb')
PermissionError: [Errno 13] Permission denied: '/home/nsubbaraj/replicate/vol/gunnsc01/prod/scoreout/nithin_exclude22367'
ERROR:root:2021-03-16 07:52:40,641:Zipping Failed file: /home/nsubbaraj/replicate/vol/gunnsc01/prod/scoreout/nithin_exclude223702 
Traceback (most recent call last):
  File "exclude_n_zip_v2.py", line 52, in zip_the_file
    input = open(file, 'rb')
PermissionError: [Errno 13] Permission denied: '/home/nsubbaraj/replicate/vol/gunnsc01/prod/scoreout/nithin_exclude223702'
INFO:root:2021-03-16 07:54:21,213:

		::::::::::::::Zip Process for day Tue Mar 16 07:54:21 2021::::::::::::::


ERROR:root:2021-03-16 07:54:21,215:Zipping Failed file: /home/nsubbaraj/replicate/vol/gunnsc01/prod/scoreout/nithin_exclude22367 
Traceback (most recent call last):
  File "exclude_n_zip_v2.py", line 52, in zip_the_file
    input = open(file, 'rb')
PermissionError: [Errno 13] Permission denied: '/home/nsubbaraj/replicate/vol/gunnsc01/prod/scoreout/nithin_exclude22367'
ERROR:root:2021-03-16 07:54:21,218:Zipping Failed file: /home/nsubbaraj/replicate/vol/gunnsc01/prod/scoreout/nithin_exclude223702 
Traceback (most recent call last):
  File "exclude_n_zip_v2.py", line 52, in zip_the_file
    input = open(file, 'rb')
PermissionError: [Errno 13] Permission denied: '/home/nsubbaraj/replicate/vol/gunnsc01/prod/scoreout/nithin_exclude223702'
INFO:root:2021-03-16 07:57:20,970:

		::::::::::::::Zip Process for day Tue Mar 16 07:57:20 2021::::::::::::::


ERROR:root:2021-03-16 07:57:20,972:Zipping Failed file: /home/nsubbaraj/replicate/vol/gunnsc01/prod/scoreout/nithin_exclude22367 
Traceback (most recent call last):
  File "exclude_n_zip_v2.py", line 52, in zip_the_file
    input = open(file, 'rb')
PermissionError: [Errno 13] Permission denied: '/home/nsubbaraj/replicate/vol/gunnsc01/prod/scoreout/nithin_exclude22367'
ERROR:root:2021-03-16 07:57:20,976:Zipping Failed file: /home/nsubbaraj/replicate/vol/gunnsc01/prod/scoreout/nithin_exclude223702 
Traceback (most recent call last):
  File "exclude_n_zip_v2.py", line 52, in zip_the_file
    input = open(file, 'rb')
PermissionError: [Errno 13] Permission denied: '/home/nsubbaraj/replicate/vol/gunnsc01/prod/scoreout/nithin_exclude223702'
INFO:root:2021-03-16 07:57:31,900:

		::::::::::::::Zip Process for day Tue Mar 16 07:57:31 2021::::::::::::::


ERROR:root:2021-03-16 07:57:31,901:Zipping Failed file: /home/nsubbaraj/replicate/vol/gunnsc01/prod/scoreout/nithin_exclude22367 
Traceback (most recent call last):
  File "exclude_n_zip_v2.py", line 52, in zip_the_file
    input = open(file, 'rb')
PermissionError: [Errno 13] Permission denied: '/home/nsubbaraj/replicate/vol/gunnsc01/prod/scoreout/nithin_exclude22367'
ERROR:root:2021-03-16 07:57:31,903:Zipping Failed file: /home/nsubbaraj/replicate/vol/gunnsc01/prod/scoreout/nithin_exclude223702 
Traceback (most recent call last):
  File "exclude_n_zip_v2.py", line 52, in zip_the_file
    input = open(file, 'rb')
PermissionError: [Errno 13] Permission denied: '/home/nsubbaraj/replicate/vol/gunnsc01/prod/scoreout/nithin_exclude223702'
INFO:root:2021-03-16 07:58:14,693:

		::::::::::::::Zip Process for day Tue Mar 16 07:58:14 2021::::::::::::::


ERROR:root:2021-03-16 07:58:14,694:Zipping Failed file: /home/nsubbaraj/replicate/vol/gunnsc01/prod/scoreout/nithin_exclude22367 
Traceback (most recent call last):
  File "exclude_n_zip_v2.py", line 52, in zip_the_file
    input = open(file, 'rb')
PermissionError: [Errno 13] Permission denied: '/home/nsubbaraj/replicate/vol/gunnsc01/prod/scoreout/nithin_exclude22367'
ERROR:root:2021-03-16 07:58:14,696:Zipping Failed file: /home/nsubbaraj/replicate/vol/gunnsc01/prod/scoreout/nithin_exclude223702 
Traceback (most recent call last):
  File "exclude_n_zip_v2.py", line 52, in zip_the_file
    input = open(file, 'rb')
PermissionError: [Errno 13] Permission denied: '/home/nsubbaraj/replicate/vol/gunnsc01/prod/scoreout/nithin_exclude223702'
INFO:root:2021-03-16 07:58:19,835:

		::::::::::::::Zip Process for day Tue Mar 16 07:58:19 2021::::::::::::::


ERROR:root:2021-03-16 07:58:19,836:Zipping Failed file: /home/nsubbaraj/replicate/vol/gunnsc01/prod/scoreout/nithin_exclude22367 
Traceback (most recent call last):
  File "exclude_n_zip_v2.py", line 52, in zip_the_file
    input = open(file, 'rb')
PermissionError: [Errno 13] Permission denied: '/home/nsubbaraj/replicate/vol/gunnsc01/prod/scoreout/nithin_exclude22367'
ERROR:root:2021-03-16 07:58:19,838:Zipping Failed file: /home/nsubbaraj/replicate/vol/gunnsc01/prod/scoreout/nithin_exclude223702 
Traceback (most recent call last):
  File "exclude_n_zip_v2.py", line 52, in zip_the_file
    input = open(file, 'rb')
PermissionError: [Errno 13] Permission denied: '/home/nsubbaraj/replicate/vol/gunnsc01/prod/scoreout/nithin_exclude223702'
INFO:root:2021-03-16 07:59:26,007:

		::::::::::::::Zip Process for day Tue Mar 16 07:59:26 2021::::::::::::::


ERROR:root:2021-03-16 07:59:26,009:Zipping Failed file: /home/nsubbaraj/replicate/vol/gunnsc01/prod/scoreout/nithin_exclude22367 
Traceback (most recent call last):
  File "exclude_n_zip_v2.py", line 52, in zip_the_file
    input = open(file, 'rb')
PermissionError: [Errno 13] Permission denied: '/home/nsubbaraj/replicate/vol/gunnsc01/prod/scoreout/nithin_exclude22367'
ERROR:root:2021-03-16 07:59:26,012:Zipping Failed file: /home/nsubbaraj/replicate/vol/gunnsc01/prod/scoreout/nithin_exclude223702 
Traceback (most recent call last):
  File "exclude_n_zip_v2.py", line 52, in zip_the_file
    input = open(file, 'rb')
PermissionError: [Errno 13] Permission denied: '/home/nsubbaraj/replicate/vol/gunnsc01/prod/scoreout/nithin_exclude223702'
INFO:root:2021-03-16 07:59:49,102:

		::::::::::::::Zip Process for day Tue Mar 16 07:59:49 2021::::::::::::::


ERROR:root:2021-03-16 07:59:49,103:Zipping Failed file: /home/nsubbaraj/replicate/vol/gunnsc01/prod/scoreout/nithin_exclude22367 
Traceback (most recent call last):
  File "exclude_n_zip_v2.py", line 52, in zip_the_file
    input = open(file, 'rb')
PermissionError: [Errno 13] Permission denied: '/home/nsubbaraj/replicate/vol/gunnsc01/prod/scoreout/nithin_exclude22367'
ERROR:root:2021-03-16 07:59:49,105:Zipping Failed file: /home/nsubbaraj/replicate/vol/gunnsc01/prod/scoreout/nithin_exclude223702 
Traceback (most recent call last):
  File "exclude_n_zip_v2.py", line 52, in zip_the_file
    input = open(file, 'rb')
PermissionError: [Errno 13] Permission denied: '/home/nsubbaraj/replicate/vol/gunnsc01/prod/scoreout/nithin_exclude223702'
